[18:03:53] [Server thread/INFO]: Starting minecraft server version 1.12.2
[18:03:53] [Server thread/INFO]: Loading properties
[18:03:53] [Server thread/INFO]: Default game type: SURVIVAL
[18:03:54] [Server thread/INFO]: This server is running CraftBukkit version git-Spigot-642f6d2-6103339 (MC: 1.12.2) (Implementing API version 1.12.2-R0.1-SNAPSHOT)
[18:03:54] [Server thread/INFO]: Server Ping Player Sample Count: 12
[18:03:54] [Server thread/INFO]: Using 4 threads for Netty based IO
[18:03:54] [Server thread/INFO]: Debug logging is disabled
[18:03:54] [Server thread/INFO]: Generating keypair
[18:03:54] [Server thread/INFO]: Starting Minecraft server on *:25565
[18:03:54] [Server thread/INFO]: Using epoll channel type
[18:03:54] [Server thread/INFO]: **** Beginning UUID conversion, this may take A LONG time ****
[18:03:54] [Server thread/INFO]: Preparing level "world"
[18:03:54] [Server thread/INFO]: -------- World Settings For [world] --------
[18:03:54] [Server thread/INFO]: Cactus Growth Modifier: 100%
[18:03:54] [Server thread/INFO]: Cane Growth Modifier: 100%
[18:03:54] [Server thread/INFO]: Melon Growth Modifier: 100%
[18:03:54] [Server thread/INFO]: Mushroom Growth Modifier: 100%
[18:03:54] [Server thread/INFO]: Pumpkin Growth Modifier: 100%
[18:03:54] [Server thread/INFO]: Sapling Growth Modifier: 100%
[18:03:54] [Server thread/INFO]: Wheat Growth Modifier: 100%
[18:03:54] [Server thread/INFO]: NetherWart Growth Modifier: 100%
[18:03:54] [Server thread/INFO]: Vine Growth Modifier: 100%
[18:03:54] [Server thread/INFO]: Cocoa Growth Modifier: 100%
[18:03:54] [Server thread/INFO]: Entity Activation Range: An 32 / Mo 32 / Mi 16 / Tiv true
[18:03:54] [Server thread/INFO]: Entity Tracking Range: Pl 48 / An 48 / Mo 48 / Mi 32 / Other 64
[18:03:54] [Server thread/INFO]: Mob Spawn Range: 4
[18:03:54] [Server thread/INFO]: Hopper Transfer: 8 Hopper Check: 1 Hopper Amount: 1
[18:03:54] [Server thread/INFO]: Random Lighting Updates: false
[18:03:54] [Server thread/INFO]: Structure Info Saving: true
[18:03:54] [Server thread/INFO]: Custom Map Seeds:  Village: 10387312 Feature: 14357617 Monument: 10387313 Slime: 987234911
[18:03:54] [Server thread/INFO]: Max TNT Explosions: 100
[18:03:54] [Server thread/INFO]: Tile Max Tick Time: 50ms Entity max Tick Time: 50ms
[18:03:54] [Server thread/INFO]: Item Despawn Rate: 6000
[18:03:54] [Server thread/INFO]: Item Merge Radius: 2.5
[18:03:54] [Server thread/INFO]: Arrow Despawn Rate: 1200
[18:03:54] [Server thread/INFO]: Allow Zombie Pigmen to spawn from portal blocks: true
[18:03:54] [Server thread/INFO]: View Distance: 10
[18:03:54] [Server thread/INFO]: Zombie Aggressive Towards Villager: true
[18:03:54] [Server thread/INFO]: Experience Merge Radius: 3.0
[18:03:54] [Server thread/INFO]: Nerfing mobs spawned from spawners: false
[18:03:56] [Server thread/INFO]: -------- World Settings For [world_nether] --------
[18:03:56] [Server thread/INFO]: Cactus Growth Modifier: 100%
[18:03:56] [Server thread/INFO]: Cane Growth Modifier: 100%
[18:03:56] [Server thread/INFO]: Melon Growth Modifier: 100%
[18:03:56] [Server thread/INFO]: Mushroom Growth Modifier: 100%
[18:03:56] [Server thread/INFO]: Pumpkin Growth Modifier: 100%
[18:03:56] [Server thread/INFO]: Sapling Growth Modifier: 100%
[18:03:56] [Server thread/INFO]: Wheat Growth Modifier: 100%
[18:03:56] [Server thread/INFO]: NetherWart Growth Modifier: 100%
[18:03:56] [Server thread/INFO]: Vine Growth Modifier: 100%
[18:03:56] [Server thread/INFO]: Cocoa Growth Modifier: 100%
[18:03:56] [Server thread/INFO]: Entity Activation Range: An 32 / Mo 32 / Mi 16 / Tiv true
[18:03:56] [Server thread/INFO]: Entity Tracking Range: Pl 48 / An 48 / Mo 48 / Mi 32 / Other 64
[18:03:56] [Server thread/INFO]: Mob Spawn Range: 4
[18:03:56] [Server thread/INFO]: Hopper Transfer: 8 Hopper Check: 1 Hopper Amount: 1
[18:03:56] [Server thread/INFO]: Random Lighting Updates: false
[18:03:56] [Server thread/INFO]: Structure Info Saving: true
[18:03:56] [Server thread/INFO]: Custom Map Seeds:  Village: 10387312 Feature: 14357617 Monument: 10387313 Slime: 987234911
[18:03:56] [Server thread/INFO]: Max TNT Explosions: 100
[18:03:56] [Server thread/INFO]: Tile Max Tick Time: 50ms Entity max Tick Time: 50ms
[18:03:56] [Server thread/INFO]: Item Despawn Rate: 6000
[18:03:56] [Server thread/INFO]: Item Merge Radius: 2.5
[18:03:56] [Server thread/INFO]: Arrow Despawn Rate: 1200
[18:03:56] [Server thread/INFO]: Allow Zombie Pigmen to spawn from portal blocks: true
[18:03:56] [Server thread/INFO]: View Distance: 10
[18:03:56] [Server thread/INFO]: Zombie Aggressive Towards Villager: true
[18:03:56] [Server thread/INFO]: Experience Merge Radius: 3.0
[18:03:56] [Server thread/INFO]: Nerfing mobs spawned from spawners: false
[18:03:56] [Server thread/INFO]: -------- World Settings For [world_the_end] --------
[18:03:56] [Server thread/INFO]: Cactus Growth Modifier: 100%
[18:03:56] [Server thread/INFO]: Cane Growth Modifier: 100%
[18:03:56] [Server thread/INFO]: Melon Growth Modifier: 100%
[18:03:56] [Server thread/INFO]: Mushroom Growth Modifier: 100%
[18:03:56] [Server thread/INFO]: Pumpkin Growth Modifier: 100%
[18:03:56] [Server thread/INFO]: Sapling Growth Modifier: 100%
[18:03:56] [Server thread/INFO]: Wheat Growth Modifier: 100%
[18:03:56] [Server thread/INFO]: NetherWart Growth Modifier: 100%
[18:03:56] [Server thread/INFO]: Vine Growth Modifier: 100%
[18:03:56] [Server thread/INFO]: Cocoa Growth Modifier: 100%
[18:03:56] [Server thread/INFO]: Entity Activation Range: An 32 / Mo 32 / Mi 16 / Tiv true
[18:03:56] [Server thread/INFO]: Entity Tracking Range: Pl 48 / An 48 / Mo 48 / Mi 32 / Other 64
[18:03:56] [Server thread/INFO]: Mob Spawn Range: 4
[18:03:56] [Server thread/INFO]: Hopper Transfer: 8 Hopper Check: 1 Hopper Amount: 1
[18:03:56] [Server thread/INFO]: Random Lighting Updates: false
[18:03:56] [Server thread/INFO]: Structure Info Saving: true
[18:03:56] [Server thread/INFO]: Custom Map Seeds:  Village: 10387312 Feature: 14357617 Monument: 10387313 Slime: 987234911
[18:03:56] [Server thread/INFO]: Max TNT Explosions: 100
[18:03:56] [Server thread/INFO]: Tile Max Tick Time: 50ms Entity max Tick Time: 50ms
[18:03:56] [Server thread/INFO]: Item Despawn Rate: 6000
[18:03:56] [Server thread/INFO]: Item Merge Radius: 2.5
[18:03:56] [Server thread/INFO]: Arrow Despawn Rate: 1200
[18:03:56] [Server thread/INFO]: Allow Zombie Pigmen to spawn from portal blocks: true
[18:03:56] [Server thread/INFO]: View Distance: 10
[18:03:56] [Server thread/INFO]: Zombie Aggressive Towards Villager: true
[18:03:56] [Server thread/INFO]: Experience Merge Radius: 3.0
[18:03:56] [Server thread/INFO]: Nerfing mobs spawned from spawners: false
[18:03:56] [Server thread/INFO]: Preparing start region for level 0 (Seed: -4680051260546015472)
[18:03:57] [Server thread/INFO]: Preparing spawn area: 5%
[18:03:58] [Server thread/INFO]: Preparing spawn area: 8%
[18:03:59] [Server thread/INFO]: Preparing spawn area: 13%
[18:04:00] [Server thread/INFO]: Preparing spawn area: 18%
[18:04:01] [Server thread/INFO]: Preparing spawn area: 23%
[18:04:02] [Server thread/INFO]: Preparing spawn area: 31%
[18:04:03] [Server thread/INFO]: Preparing spawn area: 37%
[18:04:04] [Server thread/INFO]: Preparing spawn area: 44%
[18:04:05] [Server thread/INFO]: Preparing spawn area: 53%
[18:04:06] [Server thread/INFO]: Preparing spawn area: 62%
[18:04:07] [Server thread/INFO]: Preparing spawn area: 72%
[18:04:08] [Server thread/INFO]: Preparing spawn area: 78%
[18:04:09] [Server thread/INFO]: Preparing spawn area: 86%
[18:04:10] [Server thread/INFO]: Preparing spawn area: 99%
[18:04:10] [Server thread/INFO]: Preparing start region for level 1 (Seed: -4680051260546015472)
[18:04:11] [Server thread/INFO]: Preparing spawn area: 12%
[18:04:12] [Server thread/INFO]: Preparing spawn area: 30%
[18:04:13] [Server thread/INFO]: Preparing spawn area: 50%
[18:04:14] [Server thread/INFO]: Preparing spawn area: 66%
[18:04:15] [Server thread/INFO]: Preparing spawn area: 78%
[18:04:16] [Server thread/INFO]: Preparing spawn area: 98%
[18:04:16] [Server thread/INFO]: Preparing start region for level 2 (Seed: -4680051260546015472)
[18:04:17] [Server thread/INFO]: Preparing spawn area: 58%
[18:04:18] [Server thread/INFO]: Done (23.746s)! For help, type "help" or "?"
[18:04:31] [Thread-3/INFO]: Stopping server
[18:04:31] [Thread-3/INFO]: Saving players
